<?xml version="1.0" encoding="UTF-8"?>
<!-- Generated by org.testng.reporters.JUnitReportReporter -->
<testsuite hostname="LAPTOP-JI1TCO3" failures="0" tests="1" name="PackageMaven.ProjectMaven.A_195_" time="15.366" errors="0" timestamp="2025-03-01T23:25:32 IST" skipped="0">
  <testcase classname="PackageMaven.ProjectMaven.A_195_" name="login" time="15.366"/>
  <system-out/>
</testsuite> <!-- PackageMaven.ProjectMaven.A_195_ -->
