<?xml version="1.0" encoding="UTF-8"?>
<!-- Generated by org.testng.reporters.JUnitReportReporter -->
<testsuite hostname="LAPTOP-JI1TCO3" failures="0" tests="1" name="PackageMaven.ProjectMaven.TC1" time="30.845" errors="0" timestamp="2025-04-06T19:33:32 IST" skipped="0">
  <testcase classname="PackageMaven.ProjectMaven.TC1" name="login_search_wishlist_cart_logout" time="30.845"/>
</testsuite> <!-- PackageMaven.ProjectMaven.TC1 -->
