<?xml version="1.0" encoding="UTF-8"?>
<!-- Generated by org.testng.reporters.JUnitReportReporter -->
<testsuite hostname="LAPTOP-JI1TCO3" failures="0" tests="1" name="PackageMaven.ProjectMaven.TC1" time="34.103" errors="0" timestamp="2025-04-06T15:19:45 IST" skipped="0">
  <testcase classname="PackageMaven.ProjectMaven.TC1" name="login_search_wishlist_cart_logout" time="34.103"/>
</testsuite> <!-- PackageMaven.ProjectMaven.TC1 -->
